<?xml version="1.0" encoding="UTF-8"?>
<!-- Generated by org.testng.reporters.JUnitReportReporter -->
<testsuite hostname="LAPTOP-GCEPLDKO" failures="0" tests="1" name="TestRunnir.TesstRunner" time="15.241" errors="0" timestamp="2021-08-25T18:23:47 PDT" skipped="0">
  <testcase classname="TestRunnir.TesstRunner" name="feature" time="15.241"/>
  <system-out/>
</testsuite> <!-- TestRunnir.TesstRunner -->
